<?xml version="1.0" encoding="UTF-8"?>
<!-- Generated by org.testng.reporters.JUnitXMLReporter -->
<testsuite ignored="0" hostname="SAURABHs-MacBook-Air.local" failures="0" tests="2" name="AllTest4" time="50.445" errors="0" timestamp="2026-05-03T13:24:02 IST">
  <testcase classname="com.qa.Helper.tests.ProductInfoPageTest" name="productDetailsTest" time="9.523"/>
  <testcase classname="com.qa.Helper.tests.ProductInfoPageTest" name="productDetailsTest" time="9.004"/>
</testsuite> <!-- AllTest4 -->
