<?xml version="1.0" encoding="UTF-8"?>
<!-- Generated by org.testng.reporters.JUnitXMLReporter -->
<testsuite ignored="0" hostname="SAURABHs-MacBook-Air.local" failures="0" tests="7" name="AllTest2" time="14.64" errors="0" timestamp="2026-05-03T13:23:12 IST">
  <testcase classname="com.qa.Helper.tests.HomePageTest" name="getHomePageHeadersTest" time="0.064"/>
  <testcase classname="com.qa.Helper.tests.HomePageTest" name="isLogoutLinkExistTest" time="0.03"/>
  <testcase classname="com.qa.Helper.tests.HomePageTest" name="searchFieldTest" time="1.42"/>
  <testcase classname="com.qa.Helper.tests.HomePageTest" name="searchFieldTest" time="1.263"/>
  <testcase classname="com.qa.Helper.tests.HomePageTest" name="searchFieldTest" time="1.431"/>
  <testcase classname="com.qa.Helper.tests.HomePageTest" name="searchFieldTest" time="1.26"/>
  <testcase classname="com.qa.Helper.tests.HomePageTest" name="searchFieldTest" time="1.047"/>
</testsuite> <!-- AllTest2 -->
