<?xml version="1.0" encoding="UTF-8"?>
<!-- Generated by org.testng.reporters.JUnitXMLReporter -->
<testsuite ignored="0" hostname="SAURABHs-MacBook-Air.local" failures="0" tests="2" name="AllTest3" time="8.312" errors="0" timestamp="2026-05-03T13:23:14 IST">
  <testcase classname="com.qa.Helper.tests.ResultsPageTest" name="itemsValidationAfterSearchTest" time="0.915"/>
  <testcase classname="com.qa.Helper.tests.ResultsPageTest" name="itemsValidationAfterSearchTest" time="0.902"/>
</testsuite> <!-- AllTest3 -->
