<?xml version="1.0" encoding="UTF-8"?>
<testng-results ignored="0" total="1" passed="1" failed="0" skipped="0">
  <reporter-output>
  </reporter-output>
  <suite started-at="2026-05-15T06:32:47 IST" name="Regression" finished-at="2026-05-15T06:32:55 IST" duration-ms="7267">
    <groups>
      <group name="OnlyRegistration">
        <method signature="RegisterPageTest.registrationTest(java.lang.String,java.lang.String,java.lang.String,java.lang.String,java.lang.String,java.lang.String,java.lang.String,java.lang.String)[pri:0, instance:com.qa.Helper.tests.RegisterPageTest@30814f43]" name="registrationTest" class="com.qa.Helper.tests.RegisterPageTest"/>
      </group> <!-- OnlyRegistration -->
    </groups>
    <test started-at="2026-05-15T06:32:47 IST" name="AllTest5" finished-at="2026-05-15T06:32:55 IST" duration-ms="7267">
      <class name="com.qa.Helper.tests.RegisterPageTest">
        <test-method is-config="true" signature="SetUp(java.lang.String)[pri:0, instance:com.qa.Helper.tests.RegisterPageTest@30814f43]" started-at="2026-05-15T06:32:47 IST" name="SetUp" finished-at="2026-05-15T06:32:49 IST" duration-ms="1642" status="PASS">
          <params>
            <param index="0">
              <value>
                <![CDATA[chrome]]>
              </value>
            </param>
          </params>
          <reporter-output>
          </reporter-output>
        </test-method> <!-- SetUp -->
        <test-method signature="registrationTest(java.lang.String,java.lang.String,java.lang.String,java.lang.String,java.lang.String,java.lang.String,java.lang.String,java.lang.String)[pri:0, instance:com.qa.Helper.tests.RegisterPageTest@30814f43]" started-at="2026-05-15T06:32:49 IST" name="registrationTest" data-provider="dataGeneratorForRegistration" finished-at="2026-05-15T06:32:54 IST" duration-ms="5481" status="PASS">
          <params>
            <param index="0">
              <value>
                <![CDATA[saurabh5]]>
              </value>
            </param>
            <param index="1">
              <value>
                <![CDATA[saini4]]>
              </value>
            </param>
            <param index="2">
              <value>
                <![CDATA[saini4@gmail.com]]>
              </value>
            </param>
            <param index="3">
              <value>
                <![CDATA[23444375]]>
              </value>
            </param>
            <param index="4">
              <value>
                <![CDATA[test14]]>
              </value>
            </param>
            <param index="5">
              <value>
                <![CDATA[test14]]>
              </value>
            </param>
            <param index="6">
              <value>
                <![CDATA[no]]>
              </value>
            </param>
            <param index="7">
              <value>
                <![CDATA[checked]]>
              </value>
            </param>
          </params>
          <reporter-output>
          </reporter-output>
        </test-method> <!-- registrationTest -->
        <test-method is-config="true" signature="TearDown()[pri:0, instance:com.qa.Helper.tests.RegisterPageTest@30814f43]" started-at="2026-05-15T06:32:54 IST" name="TearDown" finished-at="2026-05-15T06:32:55 IST" duration-ms="89" status="PASS">
          <reporter-output>
          </reporter-output>
        </test-method> <!-- TearDown -->
      </class> <!-- com.qa.Helper.tests.RegisterPageTest -->
    </test> <!-- AllTest5 -->
  </suite> <!-- Regression -->
</testng-results>
