<?xml version="1.0" encoding="UTF-8"?>
<testng-results retried="3" ignored="0" total="4" passed="0" failed="1" skipped="0">
  <reporter-output>
  </reporter-output>
  <suite started-at="2026-05-09T21:39:39 IST" name="Failed suite [Regression]" finished-at="2026-05-09T21:40:23 IST" duration-ms="43615">
    <groups>
      <group name="OnlyRegistration">
        <method signature="RegisterPageTest.registrationTest(java.lang.String,java.lang.String,java.lang.String,java.lang.String,java.lang.String,java.lang.String,java.lang.String,java.lang.String)[pri:0, instance:com.qa.Helper.tests.RegisterPageTest@165e389b]" name="registrationTest" class="com.qa.Helper.tests.RegisterPageTest"/>
      </group> <!-- OnlyRegistration -->
    </groups>
    <test started-at="2026-05-09T21:39:39 IST" name="AllTest5(failed)" finished-at="2026-05-09T21:40:23 IST" duration-ms="43615">
      <class name="com.qa.Helper.tests.RegisterPageTest">
        <test-method is-config="true" signature="SetUp(java.lang.String)[pri:0, instance:com.qa.Helper.tests.RegisterPageTest@165e389b]" started-at="2026-05-09T21:39:39 IST" name="SetUp" finished-at="2026-05-09T21:39:49 IST" duration-ms="9688" status="PASS">
          <params>
            <param index="0">
              <value>
                <![CDATA[chrome]]>
              </value>
            </param>
          </params>
          <reporter-output>
          </reporter-output>
        </test-method> <!-- SetUp -->
        <test-method retried="true" signature="registrationTest(java.lang.String,java.lang.String,java.lang.String,java.lang.String,java.lang.String,java.lang.String,java.lang.String,java.lang.String)[pri:0, instance:com.qa.Helper.tests.RegisterPageTest@165e389b]" started-at="2026-05-09T21:39:49 IST" name="registrationTest" data-provider="dataGeneratorForRegistration" finished-at="2026-05-09T21:40:00 IST" duration-ms="10793" status="SKIP">
          <params>
            <param index="0">
              <value>
                <![CDATA[saurabh5]]>
              </value>
            </param>
            <param index="1">
              <value>
                <![CDATA[saini4]]>
              </value>
            </param>
            <param index="2">
              <value>
                <![CDATA[saini4@gmail.com]]>
              </value>
            </param>
            <param index="3">
              <value>
                <![CDATA[23444375]]>
              </value>
            </param>
            <param index="4">
              <value>
                <![CDATA[test14]]>
              </value>
            </param>
            <param index="5">
              <value>
                <![CDATA[test14]]>
              </value>
            </param>
            <param index="6">
              <value>
                <![CDATA[no]]>
              </value>
            </param>
            <param index="7">
              <value>
                <![CDATA[checked]]>
              </value>
            </param>
          </params>
          <exception class="java.lang.AssertionError">
            <message>
              <![CDATA[expected [11Congratulations! Your new account has been successfully created!] but found [Congratulations! Your new account has been successfully created!]]]>
            </message>
            <full-stacktrace>
              <![CDATA[java.lang.AssertionError: expected [11Congratulations! Your new account has been successfully created!] but found [Congratulations! Your new account has been successfully created!]
at org.testng.Assert.fail(Assert.java:110)
at org.testng.Assert.failNotEquals(Assert.java:1413)
at org.testng.Assert.assertEqualsImpl(Assert.java:149)
at org.testng.Assert.assertEquals(Assert.java:131)
at org.testng.Assert.assertEquals(Assert.java:655)
at org.testng.Assert.assertEquals(Assert.java:665)
at com.qa.Helper.tests.RegisterPageTest.registrationTest(RegisterPageTest.java:54)
at java.base/jdk.internal.reflect.DirectMethodHandleAccessor.invoke(DirectMethodHandleAccessor.java:103)
at java.base/java.lang.reflect.Method.invoke(Method.java:580)
at org.testng.internal.invokers.MethodInvocationHelper.invokeMethod(MethodInvocationHelper.java:139)
at org.testng.internal.invokers.TestInvoker.invokeMethod(TestInvoker.java:677)
at org.testng.internal.invokers.TestInvoker.invokeTestMethod(TestInvoker.java:221)
at org.testng.internal.invokers.MethodRunner.runInSequence(MethodRunner.java:50)
at org.testng.internal.invokers.TestInvoker$MethodInvocationAgent.invoke(TestInvoker.java:969)
at org.testng.internal.invokers.TestInvoker.invokeTestMethods(TestInvoker.java:194)
at org.testng.internal.invokers.TestMethodWorker.invokeTestMethods(TestMethodWorker.java:148)
at org.testng.internal.invokers.TestMethodWorker.run(TestMethodWorker.java:128)
at java.base/java.util.ArrayList.forEach(ArrayList.java:1596)
at org.testng.TestRunner.privateRun(TestRunner.java:829)
at org.testng.TestRunner.run(TestRunner.java:602)
at org.testng.SuiteRunner.runTest(SuiteRunner.java:437)
at org.testng.SuiteRunner.runSequentially(SuiteRunner.java:431)
at org.testng.SuiteRunner.privateRun(SuiteRunner.java:391)
at org.testng.SuiteRunner.run(SuiteRunner.java:330)
at org.testng.SuiteRunnerWorker.runSuite(SuiteRunnerWorker.java:52)
at org.testng.SuiteRunnerWorker.run(SuiteRunnerWorker.java:95)
at org.testng.TestNG.runSuitesSequentially(TestNG.java:1256)
at org.testng.TestNG.runSuitesLocally(TestNG.java:1176)
at org.testng.TestNG.runSuites(TestNG.java:1099)
at org.testng.TestNG.run(TestNG.java:1067)
at org.testng.remote.AbstractRemoteTestNG.run(AbstractRemoteTestNG.java:115)
at org.testng.remote.RemoteTestNG.initAndRun(RemoteTestNG.java:293)
at org.testng.remote.RemoteTestNG.main(RemoteTestNG.java:91)
]]>
            </full-stacktrace>
          </exception> <!-- java.lang.AssertionError -->
          <reporter-output>
          </reporter-output>
        </test-method> <!-- registrationTest -->
        <test-method retried="true" signature="registrationTest(java.lang.String,java.lang.String,java.lang.String,java.lang.String,java.lang.String,java.lang.String,java.lang.String,java.lang.String)[pri:0, instance:com.qa.Helper.tests.RegisterPageTest@165e389b]" started-at="2026-05-09T21:40:00 IST" name="registrationTest" data-provider="dataGeneratorForRegistration" finished-at="2026-05-09T21:40:08 IST" duration-ms="8078" status="SKIP">
          <params>
            <param index="0">
              <value>
                <![CDATA[saurabh5]]>
              </value>
            </param>
            <param index="1">
              <value>
                <![CDATA[saini4]]>
              </value>
            </param>
            <param index="2">
              <value>
                <![CDATA[saini4@gmail.com]]>
              </value>
            </param>
            <param index="3">
              <value>
                <![CDATA[23444375]]>
              </value>
            </param>
            <param index="4">
              <value>
                <![CDATA[test14]]>
              </value>
            </param>
            <param index="5">
              <value>
                <![CDATA[test14]]>
              </value>
            </param>
            <param index="6">
              <value>
                <![CDATA[no]]>
              </value>
            </param>
            <param index="7">
              <value>
                <![CDATA[checked]]>
              </value>
            </param>
          </params>
          <exception class="java.lang.AssertionError">
            <message>
              <![CDATA[expected [11Congratulations! Your new account has been successfully created!] but found [Congratulations! Your new account has been successfully created!]]]>
            </message>
            <full-stacktrace>
              <![CDATA[java.lang.AssertionError: expected [11Congratulations! Your new account has been successfully created!] but found [Congratulations! Your new account has been successfully created!]
at org.testng.Assert.fail(Assert.java:110)
at org.testng.Assert.failNotEquals(Assert.java:1413)
at org.testng.Assert.assertEqualsImpl(Assert.java:149)
at org.testng.Assert.assertEquals(Assert.java:131)
at org.testng.Assert.assertEquals(Assert.java:655)
at org.testng.Assert.assertEquals(Assert.java:665)
at com.qa.Helper.tests.RegisterPageTest.registrationTest(RegisterPageTest.java:54)
at java.base/jdk.internal.reflect.DirectMethodHandleAccessor.invoke(DirectMethodHandleAccessor.java:103)
at java.base/java.lang.reflect.Method.invoke(Method.java:580)
at org.testng.internal.invokers.MethodInvocationHelper.invokeMethod(MethodInvocationHelper.java:139)
at org.testng.internal.invokers.TestInvoker.invokeMethod(TestInvoker.java:677)
at org.testng.internal.invokers.TestInvoker.retryFailed(TestInvoker.java:263)
at org.testng.internal.invokers.MethodRunner.runInSequence(MethodRunner.java:62)
at org.testng.internal.invokers.TestInvoker$MethodInvocationAgent.invoke(TestInvoker.java:969)
at org.testng.internal.invokers.TestInvoker.invokeTestMethods(TestInvoker.java:194)
at org.testng.internal.invokers.TestMethodWorker.invokeTestMethods(TestMethodWorker.java:148)
at org.testng.internal.invokers.TestMethodWorker.run(TestMethodWorker.java:128)
at java.base/java.util.ArrayList.forEach(ArrayList.java:1596)
at org.testng.TestRunner.privateRun(TestRunner.java:829)
at org.testng.TestRunner.run(TestRunner.java:602)
at org.testng.SuiteRunner.runTest(SuiteRunner.java:437)
at org.testng.SuiteRunner.runSequentially(SuiteRunner.java:431)
at org.testng.SuiteRunner.privateRun(SuiteRunner.java:391)
at org.testng.SuiteRunner.run(SuiteRunner.java:330)
at org.testng.SuiteRunnerWorker.runSuite(SuiteRunnerWorker.java:52)
at org.testng.SuiteRunnerWorker.run(SuiteRunnerWorker.java:95)
at org.testng.TestNG.runSuitesSequentially(TestNG.java:1256)
at org.testng.TestNG.runSuitesLocally(TestNG.java:1176)
at org.testng.TestNG.runSuites(TestNG.java:1099)
at org.testng.TestNG.run(TestNG.java:1067)
at org.testng.remote.AbstractRemoteTestNG.run(AbstractRemoteTestNG.java:115)
at org.testng.remote.RemoteTestNG.initAndRun(RemoteTestNG.java:293)
at org.testng.remote.RemoteTestNG.main(RemoteTestNG.java:91)
]]>
            </full-stacktrace>
          </exception> <!-- java.lang.AssertionError -->
          <reporter-output>
          </reporter-output>
        </test-method> <!-- registrationTest -->
        <test-method retried="true" signature="registrationTest(java.lang.String,java.lang.String,java.lang.String,java.lang.String,java.lang.String,java.lang.String,java.lang.String,java.lang.String)[pri:0, instance:com.qa.Helper.tests.RegisterPageTest@165e389b]" started-at="2026-05-09T21:40:08 IST" name="registrationTest" data-provider="dataGeneratorForRegistration" finished-at="2026-05-09T21:40:15 IST" duration-ms="7342" status="SKIP">
          <params>
            <param index="0">
              <value>
                <![CDATA[saurabh5]]>
              </value>
            </param>
            <param index="1">
              <value>
                <![CDATA[saini4]]>
              </value>
            </param>
            <param index="2">
              <value>
                <![CDATA[saini4@gmail.com]]>
              </value>
            </param>
            <param index="3">
              <value>
                <![CDATA[23444375]]>
              </value>
            </param>
            <param index="4">
              <value>
                <![CDATA[test14]]>
              </value>
            </param>
            <param index="5">
              <value>
                <![CDATA[test14]]>
              </value>
            </param>
            <param index="6">
              <value>
                <![CDATA[no]]>
              </value>
            </param>
            <param index="7">
              <value>
                <![CDATA[checked]]>
              </value>
            </param>
          </params>
          <exception class="java.lang.AssertionError">
            <message>
              <![CDATA[expected [11Congratulations! Your new account has been successfully created!] but found [Congratulations! Your new account has been successfully created!]]]>
            </message>
            <full-stacktrace>
              <![CDATA[java.lang.AssertionError: expected [11Congratulations! Your new account has been successfully created!] but found [Congratulations! Your new account has been successfully created!]
at org.testng.Assert.fail(Assert.java:110)
at org.testng.Assert.failNotEquals(Assert.java:1413)
at org.testng.Assert.assertEqualsImpl(Assert.java:149)
at org.testng.Assert.assertEquals(Assert.java:131)
at org.testng.Assert.assertEquals(Assert.java:655)
at org.testng.Assert.assertEquals(Assert.java:665)
at com.qa.Helper.tests.RegisterPageTest.registrationTest(RegisterPageTest.java:54)
at java.base/jdk.internal.reflect.DirectMethodHandleAccessor.invoke(DirectMethodHandleAccessor.java:103)
at java.base/java.lang.reflect.Method.invoke(Method.java:580)
at org.testng.internal.invokers.MethodInvocationHelper.invokeMethod(MethodInvocationHelper.java:139)
at org.testng.internal.invokers.TestInvoker.invokeMethod(TestInvoker.java:677)
at org.testng.internal.invokers.TestInvoker.retryFailed(TestInvoker.java:263)
at org.testng.internal.invokers.MethodRunner.runInSequence(MethodRunner.java:62)
at org.testng.internal.invokers.TestInvoker$MethodInvocationAgent.invoke(TestInvoker.java:969)
at org.testng.internal.invokers.TestInvoker.invokeTestMethods(TestInvoker.java:194)
at org.testng.internal.invokers.TestMethodWorker.invokeTestMethods(TestMethodWorker.java:148)
at org.testng.internal.invokers.TestMethodWorker.run(TestMethodWorker.java:128)
at java.base/java.util.ArrayList.forEach(ArrayList.java:1596)
at org.testng.TestRunner.privateRun(TestRunner.java:829)
at org.testng.TestRunner.run(TestRunner.java:602)
at org.testng.SuiteRunner.runTest(SuiteRunner.java:437)
at org.testng.SuiteRunner.runSequentially(SuiteRunner.java:431)
at org.testng.SuiteRunner.privateRun(SuiteRunner.java:391)
at org.testng.SuiteRunner.run(SuiteRunner.java:330)
at org.testng.SuiteRunnerWorker.runSuite(SuiteRunnerWorker.java:52)
at org.testng.SuiteRunnerWorker.run(SuiteRunnerWorker.java:95)
at org.testng.TestNG.runSuitesSequentially(TestNG.java:1256)
at org.testng.TestNG.runSuitesLocally(TestNG.java:1176)
at org.testng.TestNG.runSuites(TestNG.java:1099)
at org.testng.TestNG.run(TestNG.java:1067)
at org.testng.remote.AbstractRemoteTestNG.run(AbstractRemoteTestNG.java:115)
at org.testng.remote.RemoteTestNG.initAndRun(RemoteTestNG.java:293)
at org.testng.remote.RemoteTestNG.main(RemoteTestNG.java:91)
]]>
            </full-stacktrace>
          </exception> <!-- java.lang.AssertionError -->
          <reporter-output>
          </reporter-output>
        </test-method> <!-- registrationTest -->
        <test-method signature="registrationTest(java.lang.String,java.lang.String,java.lang.String,java.lang.String,java.lang.String,java.lang.String,java.lang.String,java.lang.String)[pri:0, instance:com.qa.Helper.tests.RegisterPageTest@165e389b]" started-at="2026-05-09T21:40:15 IST" name="registrationTest" data-provider="dataGeneratorForRegistration" finished-at="2026-05-09T21:40:22 IST" duration-ms="7162" status="FAIL">
          <params>
            <param index="0">
              <value>
                <![CDATA[saurabh5]]>
              </value>
            </param>
            <param index="1">
              <value>
                <![CDATA[saini4]]>
              </value>
            </param>
            <param index="2">
              <value>
                <![CDATA[saini4@gmail.com]]>
              </value>
            </param>
            <param index="3">
              <value>
                <![CDATA[23444375]]>
              </value>
            </param>
            <param index="4">
              <value>
                <![CDATA[test14]]>
              </value>
            </param>
            <param index="5">
              <value>
                <![CDATA[test14]]>
              </value>
            </param>
            <param index="6">
              <value>
                <![CDATA[no]]>
              </value>
            </param>
            <param index="7">
              <value>
                <![CDATA[checked]]>
              </value>
            </param>
          </params>
          <exception class="java.lang.AssertionError">
            <message>
              <![CDATA[expected [11Congratulations! Your new account has been successfully created!] but found [Congratulations! Your new account has been successfully created!]]]>
            </message>
            <full-stacktrace>
              <![CDATA[java.lang.AssertionError: expected [11Congratulations! Your new account has been successfully created!] but found [Congratulations! Your new account has been successfully created!]
at org.testng.Assert.fail(Assert.java:110)
at org.testng.Assert.failNotEquals(Assert.java:1413)
at org.testng.Assert.assertEqualsImpl(Assert.java:149)
at org.testng.Assert.assertEquals(Assert.java:131)
at org.testng.Assert.assertEquals(Assert.java:655)
at org.testng.Assert.assertEquals(Assert.java:665)
at com.qa.Helper.tests.RegisterPageTest.registrationTest(RegisterPageTest.java:54)
at java.base/jdk.internal.reflect.DirectMethodHandleAccessor.invoke(DirectMethodHandleAccessor.java:103)
at java.base/java.lang.reflect.Method.invoke(Method.java:580)
at org.testng.internal.invokers.MethodInvocationHelper.invokeMethod(MethodInvocationHelper.java:139)
at org.testng.internal.invokers.TestInvoker.invokeMethod(TestInvoker.java:677)
at org.testng.internal.invokers.TestInvoker.retryFailed(TestInvoker.java:263)
at org.testng.internal.invokers.MethodRunner.runInSequence(MethodRunner.java:62)
at org.testng.internal.invokers.TestInvoker$MethodInvocationAgent.invoke(TestInvoker.java:969)
at org.testng.internal.invokers.TestInvoker.invokeTestMethods(TestInvoker.java:194)
at org.testng.internal.invokers.TestMethodWorker.invokeTestMethods(TestMethodWorker.java:148)
at org.testng.internal.invokers.TestMethodWorker.run(TestMethodWorker.java:128)
at java.base/java.util.ArrayList.forEach(ArrayList.java:1596)
at org.testng.TestRunner.privateRun(TestRunner.java:829)
at org.testng.TestRunner.run(TestRunner.java:602)
at org.testng.SuiteRunner.runTest(SuiteRunner.java:437)
at org.testng.SuiteRunner.runSequentially(SuiteRunner.java:431)
at org.testng.SuiteRunner.privateRun(SuiteRunner.java:391)
at org.testng.SuiteRunner.run(SuiteRunner.java:330)
at org.testng.SuiteRunnerWorker.runSuite(SuiteRunnerWorker.java:52)
at org.testng.SuiteRunnerWorker.run(SuiteRunnerWorker.java:95)
at org.testng.TestNG.runSuitesSequentially(TestNG.java:1256)
at org.testng.TestNG.runSuitesLocally(TestNG.java:1176)
at org.testng.TestNG.runSuites(TestNG.java:1099)
at org.testng.TestNG.run(TestNG.java:1067)
at org.testng.remote.AbstractRemoteTestNG.run(AbstractRemoteTestNG.java:115)
at org.testng.remote.RemoteTestNG.initAndRun(RemoteTestNG.java:293)
at org.testng.remote.RemoteTestNG.main(RemoteTestNG.java:91)
]]>
            </full-stacktrace>
          </exception> <!-- java.lang.AssertionError -->
          <reporter-output>
          </reporter-output>
        </test-method> <!-- registrationTest -->
        <test-method is-config="true" signature="TearDown()[pri:0, instance:com.qa.Helper.tests.RegisterPageTest@165e389b]" started-at="2026-05-09T21:40:23 IST" name="TearDown" finished-at="2026-05-09T21:40:23 IST" duration-ms="115" status="PASS">
          <reporter-output>
          </reporter-output>
        </test-method> <!-- TearDown -->
      </class> <!-- com.qa.Helper.tests.RegisterPageTest -->
    </test> <!-- AllTest5(failed) -->
  </suite> <!-- Failed suite [Regression] -->
</testng-results>
