<?xml version="1.0" encoding="UTF-8"?>
<!-- Generated by org.testng.reporters.JUnitReportReporter -->
<testsuite hostname="SAURABHs-MacBook-Air.local" failures="0" tests="2" name="com.qa.Helper.tests.ProductInfoPageTest" time="18.527" errors="0" timestamp="2026-05-03T13:24:03 IST" skipped="0">
  <testcase classname="com.qa.Helper.tests.ProductInfoPageTest" name="productDetailsTest" time="9.004"/>
  <system-out/>
  <testcase classname="com.qa.Helper.tests.ProductInfoPageTest" name="productDetailsTest" time="9.523"/>
  <system-out/>
</testsuite> <!-- com.qa.Helper.tests.ProductInfoPageTest -->
