<?xml version="1.0" encoding="UTF-8"?>
<!-- Generated by org.testng.reporters.JUnitReportReporter -->
<testsuite hostname="SAURABHs-MacBook-Air.local" failures="0" tests="7" name="com.qa.Helper.tests.HomePageTest" time="6.515" errors="0" timestamp="2026-05-03T13:24:03 IST" skipped="0">
  <testcase classname="com.qa.Helper.tests.HomePageTest" name="getHomePageHeadersTest" time="0.064"/>
  <system-out/>
  <testcase classname="com.qa.Helper.tests.HomePageTest" name="searchFieldTest" time="1.263"/>
  <system-out/>
  <testcase classname="com.qa.Helper.tests.HomePageTest" name="searchFieldTest" time="1.047"/>
  <system-out/>
  <testcase classname="com.qa.Helper.tests.HomePageTest" name="searchFieldTest" time="1.260"/>
  <system-out/>
  <testcase classname="com.qa.Helper.tests.HomePageTest" name="searchFieldTest" time="1.420"/>
  <system-out/>
  <testcase classname="com.qa.Helper.tests.HomePageTest" name="searchFieldTest" time="1.431"/>
  <system-out/>
  <testcase classname="com.qa.Helper.tests.HomePageTest" name="isLogoutLinkExistTest" time="0.030"/>
  <system-out/>
</testsuite> <!-- com.qa.Helper.tests.HomePageTest -->
