<?xml version="1.0" encoding="UTF-8"?>
<!-- Generated by org.testng.reporters.JUnitReportReporter -->
<testsuite hostname="SAURABHs-MacBook-Air.local" failures="0" tests="2" name="com.qa.Helper.tests.ResultsPageTest" time="1.817" errors="0" timestamp="2026-05-03T13:24:03 IST" skipped="0">
  <testcase classname="com.qa.Helper.tests.ResultsPageTest" name="itemsValidationAfterSearchTest" time="0.902"/>
  <system-out/>
  <testcase classname="com.qa.Helper.tests.ResultsPageTest" name="itemsValidationAfterSearchTest" time="0.915"/>
  <system-out/>
</testsuite> <!-- com.qa.Helper.tests.ResultsPageTest -->
